  Source.cpp
c:\users\user\desktop\прога\обработка изображений\lab2\lab2\source.cpp(61): warning C4244: =: преобразование "double" в "float", возможна потеря данных
c:\users\user\desktop\прога\обработка изображений\lab2\lab2\source.cpp(85): warning C4244: =: преобразование "float" в "_Tp", возможна потеря данных
          with
          [
              _Tp=uchar
          ]
c:\users\user\desktop\прога\обработка изображений\lab2\lab2\source.cpp(86): warning C4244: =: преобразование "float" в "_Tp", возможна потеря данных
          with
          [
              _Tp=uchar
          ]
c:\users\user\desktop\прога\обработка изображений\lab2\lab2\source.cpp(87): warning C4244: =: преобразование "float" в "_Tp", возможна потеря данных
          with
          [
              _Tp=uchar
          ]
c:\users\user\desktop\прога\обработка изображений\lab2\lab2\source.cpp(82): warning C4101: y: неиспользованная локальная переменная
c:\users\user\desktop\прога\обработка изображений\lab2\lab2\source.cpp(82): warning C4101: x: неиспользованная локальная переменная
  Создание кода
  25 of 114 functions (21.9%) were compiled, the rest were copied from previous compilation.
    11 functions were new in current compilation
    8 functions had inline decision re-evaluated but remain unchanged
  Создание кода завершено
  Lab2.vcxproj -> C:\Users\user\Desktop\Прога\Обработка изображений\Lab2\x64\Release\Lab2.exe
